<?xml version="1.0" encoding="UTF-8"?>
<testng-results ignored="0" total="1" passed="1" failed="0" skipped="0">
  <reporter-output>
  </reporter-output>
  <suite started-at="2025-09-24T17:00:33 IST" name="Surefire suite" finished-at="2025-09-24T17:00:49 IST" duration-ms="15934">
    <groups>
    </groups>
    <test started-at="2025-09-24T17:00:33 IST" name="Surefire test" finished-at="2025-09-24T17:00:49 IST" duration-ms="15934">
      <class name="test.java.LoginTest">
        <test-method is-config="true" signature="setUp()[pri:0, instance:test.java.LoginTest@7ef82753]" started-at="2025-09-24T17:00:33 IST" name="setUp" finished-at="2025-09-24T17:00:43 IST" duration-ms="10163" status="PASS">
          <reporter-output>
          </reporter-output>
        </test-method> <!-- setUp -->
        <test-method signature="testValidLogin()[pri:0, instance:test.java.LoginTest@7ef82753]" started-at="2025-09-24T17:00:43 IST" name="testValidLogin" finished-at="2025-09-24T17:00:49 IST" duration-ms="5467" status="PASS">
          <reporter-output>
          </reporter-output>
        </test-method> <!-- testValidLogin -->
        <test-method is-config="true" signature="tearDown()[pri:0, instance:test.java.LoginTest@7ef82753]" started-at="2025-09-24T17:00:49 IST" name="tearDown" finished-at="2025-09-24T17:00:49 IST" duration-ms="247" status="PASS">
          <reporter-output>
          </reporter-output>
        </test-method> <!-- tearDown -->
      </class> <!-- test.java.LoginTest -->
    </test> <!-- Surefire test -->
  </suite> <!-- Surefire suite -->
</testng-results>
