<?xml version="1.0" encoding="UTF-8"?>
<testng-results ignored="0" total="1" passed="1" failed="0" skipped="0">
  <reporter-output>
  </reporter-output>
  <suite started-at="2025-09-24T17:01:33 IST" name="Default suite" finished-at="2025-09-24T17:01:49 IST" duration-ms="15476">
    <groups>
    </groups>
    <test started-at="2025-09-24T17:01:33 IST" name="Default test" finished-at="2025-09-24T17:01:49 IST" duration-ms="15476">
      <class name="test.java.LoginTest">
        <test-method is-config="true" signature="setUp()[pri:0, instance:test.java.LoginTest@2d29b4ee]" started-at="2025-09-24T17:01:33 IST" name="setUp" finished-at="2025-09-24T17:01:44 IST" duration-ms="10609" status="PASS">
          <reporter-output>
          </reporter-output>
        </test-method> <!-- setUp -->
        <test-method signature="testValidLogin()[pri:0, instance:test.java.LoginTest@2d29b4ee]" started-at="2025-09-24T17:01:44 IST" name="testValidLogin" finished-at="2025-09-24T17:01:48 IST" duration-ms="4479" status="PASS">
          <reporter-output>
          </reporter-output>
        </test-method> <!-- testValidLogin -->
        <test-method is-config="true" signature="tearDown()[pri:0, instance:test.java.LoginTest@2d29b4ee]" started-at="2025-09-24T17:01:48 IST" name="tearDown" finished-at="2025-09-24T17:01:49 IST" duration-ms="331" status="PASS">
          <reporter-output>
          </reporter-output>
        </test-method> <!-- tearDown -->
      </class> <!-- test.java.LoginTest -->
    </test> <!-- Default test -->
  </suite> <!-- Default suite -->
</testng-results>
